"../../../Engine/Content/Animation/DefaultAnimBoneCompressionSettings.uasset" 0
"../../../Engine/Content/Animation/DefaultAnimCurveCompressionSettings.uasset" 1
"../../../Engine/Content/EngineMaterials/T_Default_Material_Grid_N.uasset" 2
"../../../Engine/Content/EngineMaterials/T_Default_Material_Grid_M.uasset" 3
"../../../Engine/Content/Functions/Engine_MaterialFunctions01/Opacity/CameraDepthFade.uasset" 4
"../../../Engine/Content/EngineMaterials/WorldGridMaterial.uasset" 5
"../../../Engine/Content/ArtTools/RenderToTexture/Meshes/S_1_Unit_Plane.uasset" 6
"../../../Engine/Content/EngineMaterials/DefaultMaterial.uasset" 7
"../../../Engine/Content/BasicShapes/Cone.uasset" 8
"../../../Engine/Content/BasicShapes/Cube.uasset" 9
"../../../Engine/Content/BasicShapes/Plane.uasset" 10
"../../../Engine/Content/EngineMaterials/DefaultPhysicalMaterial.uasset" 11
"../../../Engine/Content/BufferVisualization/AmbientOcclusion.uasset" 12
"../../../Engine/Content/Functions/Engine_MaterialFunctions02/Utility/AppendMany.uasset" 13
"../../../Engine/Content/BufferVisualization/Anisotropy.uasset" 14
"../../../Engine/Content/BufferVisualization/BaseColor.uasset" 15
"../../../Engine/Content/BufferVisualization/CustomDepth.uasset" 16
"../../../Engine/Content/Functions/Engine_MaterialFunctions02/Utility/VectorLength.uasset" 17
"../../../Engine/Content/BufferVisualization/CustomDepthWorldUnits.uasset" 18
"../../../Engine/Content/EngineMaterials/MiniFont.uasset" 19
"../../../Engine/Content/Functions/Engine_MaterialFunctions02/Utility/MakeFloat3.uasset" 20
"../../../Engine/Content/Functions/Engine_MaterialFunctions02/Utility/MakeFloat2.uasset" 21
"../../../Engine/Content/Functions/Engine_MaterialFunctions02/ScreenResolution.uasset" 22
"../../../Engine/Content/Functions/Engine_MaterialFunctions02/Utility/BreakOutFloat2Components.uasset" 23
"../../../Engine/Content/Functions/Engine_MaterialFunctions01/Texturing/ScaleUVsByCenter.uasset" 24
"../../../Engine/Content/Functions/Engine_MaterialFunctions02/Texturing/ScreenAlignedUVs.uasset" 25
"../../../Engine/Content/BufferVisualization/CustomStencil.uasset" 26
"../../../Engine/Content/BufferVisualization/FinalImage.uasset" 27
"../../../Engine/Content/BufferVisualization/LightingModel.uasset" 28
"../../../Engine/Content/BufferVisualization/MaterialAO.uasset" 29
"../../../Engine/Content/BufferVisualization/Metallic.uasset" 30
"../../../Engine/Content/BufferVisualization/Opacity.uasset" 31
"../../../Engine/Content/BufferVisualization/PostTonemapHDRColor.uasset" 32
"../../../Engine/Content/BufferVisualization/PreTonemapHDRColor.uasset" 33
"../../../Engine/Content/BufferVisualization/Roughness.uasset" 34
"../../../Engine/Content/BufferVisualization/SceneColor.uasset" 35
"../../../Engine/Content/BufferVisualization/SceneDepth.uasset" 36
"../../../Engine/Content/BufferVisualization/SceneDepthWorldUnits.uasset" 37
"../../../Engine/Content/BufferVisualization/SeparateTranslucencyA.uasset" 38
"../../../Engine/Content/BufferVisualization/SeparateTranslucencyRGB.uasset" 39
"../../../Engine/Content/BufferVisualization/Specular.uasset" 40
"../../../Engine/Content/BufferVisualization/SubsurfaceColor.uasset" 41
"../../../Engine/Content/BufferVisualization/Velocity.uasset" 42
"../../../Engine/Content/BufferVisualization/WorldNormal.uasset" 43
"../../../Engine/Content/BufferVisualization/WorldTangent.uasset" 44
"../../../Engine/Content/EditorLandscapeResources/DataLayer.uasset" 45
"../../../Engine/Content/EditorLandscapeResources/DefaultAlphaTexture.uasset" 46
"../../../Engine/Content/EditorLandscapeResources/LandscapeGizmoHeight_Mat.uasset" 47
"../../../Engine/Content/EditorLandscapeResources/LandscapeGizmo_Mat.uasset" 48
"../../../Engine/Content/EditorLandscapeResources/LandscapeGizmo_Mat_Copied.uasset" 49
"../../../Engine/Content/EditorLandscapeResources/SplineEditorMeshMat.uasset" 50
"../../../Engine/Content/EditorLandscapeResources/SplineEditorMesh.uasset" 51
"../../../Engine/Content/EditorMaterials/Cross.uasset" 52
"../../../Engine/Content/EditorMaterials/Cross_Mat.uasset" 53
"../../../Engine/Content/EditorResources/T_EditorHelp.uasset" 54
"../../../Engine/Content/Functions/Engine_MaterialFunctions02/Utility/Sign.uasset" 55
"../../../Engine/Content/Functions/Engine_MaterialFunctions02/Utility/Round.uasset" 56
"../../../Engine/Content/Functions/Engine_MaterialFunctions02/ExampleContent/Textures/DebugNumberPeriod.uasset" 57
"../../../Engine/Content/Functions/Engine_MaterialFunctions02/ExampleContent/DebugNumberStrip.uasset" 58
"../../../Engine/Content/EngineMaterials/DefaultDiffuse.uasset" 59
"../../../Engine/Content/Functions/Engine_MaterialFunctions01/Texturing/TextureCropping.uasset" 60
"../../../Engine/Content/Functions/Engine_MaterialFunctions01/Texturing/ComputeMipLevel.uasset" 61
"../../../Engine/Content/Functions/Engine_MaterialFunctions02/Utility/DebugScalarValues.uasset" 62
"../../../Engine/Content/Functions/Engine_MaterialFunctions02/Utility/DebugFloat2Values.uasset" 63
"../../../Engine/Content/Functions/Engine_MaterialFunctions02/ExampleContent/Textures/flipbook.uasset" 64
"../../../Engine/Content/Functions/Engine_MaterialFunctions02/Texturing/FlipBook.uasset" 65
"../../../Engine/Content/EditorMaterials/HelpActorMaterial.uasset" 66
"../../../Engine/Content/Functions/Engine_MaterialFunctions03/Procedurals/ComputeFilterWidth.uasset" 67
"../../../Engine/Content/EngineMaterials/BlendFunc_DefBlend.uasset" 68
"../../../Engine/Content/EngineMaterials/BlendFunc_DefBase.uasset" 69
"../../../Engine/Content/Functions/Engine_MaterialFunctions03/Blends/Blend_Screen.uasset" 70
"../../../Engine/Content/EditorMaterials/TilingAALineIntegral.uasset" 71
"../../../Engine/Content/EditorMaterials/TilingAALineBoxFiltered.uasset" 72
"../../../Engine/Content/EditorMaterials/TilingAAGrid.uasset" 73
"../../../Engine/Content/EditorMaterials/TilingAADots.uasset" 74
"../../../Engine/Content/EditorMaterials/CompositeARGBLayer.uasset" 75
"../../../Engine/Content/EditorMaterials/LevelGridMaterial.uasset" 76
"../../../Engine/Content/EditorResources/LevelGrid1DStripes.uasset" 77
"../../../Engine/Content/EditorMaterials/TextureGridCascaded1D.uasset" 78
"../../../Engine/Content/EditorMaterials/TextureGridCascaded2D.uasset" 79
"../../../Engine/Content/EditorMaterials/MakeCompositeARGBLayer.uasset" 80
"../../../Engine/Content/EditorMaterials/LevelGridMaterial2.uasset" 81
"../../../Engine/Content/EditorMaterials/MAT_Groups_Toggle.uasset" 82
"../../../Engine/Content/EditorMaterials/MAT_Groups_Visibility.uasset" 83
"../../../Engine/Content/EditorMaterials/PhAT_BoneSelectedMaterial.uasset" 84
"../../../Engine/Content/EditorMaterials/PhAT_ElemSelectedMaterial.uasset" 85
"../../../Engine/Content/EditorMaterials/PhAT_NoCollisionMaterial.uasset" 86
"../../../Engine/Content/EditorMaterials/PhAT_UnselectedMaterial.uasset" 87
"../../../Engine/Content/EditorMaterials/PreviewShadowIndicator.uasset" 88
"../../../Engine/Content/EditorMaterials/PreviewShadowIndicatorMaterial.uasset" 89
"../../../Engine/Content/EditorMaterials/TargetIcon.uasset" 90
"../../../Engine/Content/EditorMaterials/Tick.uasset" 91
"../../../Engine/Content/EditorMaterials/Tick_Mat.uasset" 92
"../../../Engine/Content/EditorMaterials/WidgetGridVertexColorMaterial.uasset" 93
"../../../Engine/Content/EditorMaterials/WidgetGridVertexColorMaterial_Ma.uasset" 94
"../../../Engine/Content/EditorMaterials/WidgetMaterial.uasset" 95
"../../../Engine/Content/EditorMaterials/WidgetMaterial_Current.uasset" 96
"../../../Engine/Content/EditorMaterials/WidgetMaterial_X.uasset" 97
"../../../Engine/Content/EditorMaterials/WidgetMaterial_Y.uasset" 98
"../../../Engine/Content/EditorMaterials/WidgetMaterial_Z.uasset" 99
"../../../Engine/Content/EditorMaterials/WidgetVertexColorMaterial.uasset" 100
"../../../Engine/Content/EditorMaterials/MatineeGroups/MAT_ColorTrack.uasset" 101
"../../../Engine/Content/EditorMaterials/MatineeGroups/MAT_Groups_Anim.uasset" 102
"../../../Engine/Content/EditorMaterials/MatineeGroups/MAT_Groups_AudioMaster.uasset" 103
"../../../Engine/Content/EditorMaterials/MatineeGroups/MAT_Groups_Director.uasset" 104
"../../../Engine/Content/EditorMaterials/MatineeGroups/MAT_Groups_Event.uasset" 105
"../../../Engine/Content/EditorMaterials/MatineeGroups/MAT_Groups_Fade.uasset" 106
"../../../Engine/Content/EditorMaterials/MatineeGroups/MAT_Groups_Float.uasset" 107
"../../../Engine/Content/EditorMaterials/MatineeGroups/MAT_Groups_Move.uasset" 108
"../../../Engine/Content/EditorMaterials/MatineeGroups/MAT_Groups_Slomo.uasset" 109
"../../../Engine/Content/EditorMaterials/MatineeGroups/MAT_Groups_Sound.uasset" 110
"../../../Engine/Content/EditorMaterials/MatineeGroups/MAT_Groups_Vector.uasset" 111
"../../../Engine/Content/EditorMaterials/ParticleSystems/PSysThumbnail_NoImage.uasset" 112
"../../../Engine/Content/EditorMaterials/ParticleSystems/PSysThumbnail_OOD.uasset" 113
"../../../Engine/Content/EngineMaterials/Grid.uasset" 114
"../../../Engine/Content/EditorMaterials/Thumbnails/FloorPlaneMaterial.uasset" 115
"../../../Engine/Content/EditorMeshes/EditorCube.uasset" 116
"../../../Engine/Content/EditorMeshes/EditorCylinder.uasset" 117
"../../../Engine/Content/EditorMeshes/EditorPlane.uasset" 118
"../../../Engine/Content/EditorMaterials/Thumbnails/SkySphereMaterial.uasset" 119
"../../../Engine/Content/EditorMeshes/EditorSkySphere.uasset" 120
"../../../Engine/Content/EditorMeshes/EditorSphere.uasset" 121
"../../../Engine/Content/EditorResources/MatineeCam_D.uasset" 122
"../../../Engine/Content/EditorMaterials/MatineeCam_mat.uasset" 123
"../../../Engine/Content/EditorMeshes/MatineeCam_SM.uasset" 124
"../../../Engine/Content/EditorMeshes/PlanarReflectionPlane.uasset" 125
"../../../Engine/Content/EngineDebugMaterials/M_SimpleOpaque.uasset" 126
"../../../Engine/Content/EditorMaterials/Camera/MI_CineMat_CamViewFinder.uasset" 127
"../../../Engine/Content/EditorMaterials/Camera/CineMat.uasset" 128
"../../../Engine/Content/EditorMaterials/Camera/MI_CineMat_CameraBody.uasset" 129
"../../../Engine/Content/EditorMeshes/Camera/SM_CineCam.uasset" 130
"../../../Engine/Content/EditorMaterials/Camera/MI_CineMat_Rig.uasset" 131
"../../../Engine/Content/EditorMeshes/Camera/SM_CraneRig_Arm.uasset" 132
"../../../Engine/Content/EditorMeshes/Camera/SM_CraneRig_Base.uasset" 133
"../../../Engine/Content/EditorMeshes/Camera/SM_CraneRig_Body.uasset" 134
"../../../Engine/Content/EditorMeshes/Camera/SM_CraneRig_Mount.uasset" 135
"../../../Engine/Content/EditorMeshes/Camera/SM_RailRig_Mount.uasset" 136
"../../../Engine/Content/EditorMeshes/Camera/SM_RailRig_Track.uasset" 137
"../../../Engine/Content/EditorMeshes/ColorCalibrator/M_ChromeBall.uasset" 138
"../../../Engine/Content/EditorResources/Bad.uasset" 139
"../../../Engine/Content/EditorResources/BSPVertex.uasset" 140
"../../../Engine/Content/EditorResources/EmptyActor.uasset" 141
"../../../Engine/Content/EditorResources/MatInstActSprite.uasset" 142
"../../../Engine/Content/EditorResources/SceneManager.uasset" 143
"../../../Engine/Content/EditorResources/SmallFont.uasset" 144
"../../../Engine/Content/EditorResources/S_Actor.uasset" 145
"../../../Engine/Content/EditorResources/S_CameraShakeSource.uasset" 146
"../../../Engine/Content/EditorResources/S_DecalActorIcon.uasset" 147
"../../../Engine/Content/EditorResources/S_Emitter.uasset" 148
"../../../Engine/Content/EditorResources/S_ExpoHeightFog.uasset" 149
"../../../Engine/Content/EditorResources/S_FTest.uasset" 150
"../../../Engine/Content/EditorResources/S_KBSJoint.uasset" 151
"../../../Engine/Content/EditorResources/S_KHinge.uasset" 152
"../../../Engine/Content/EditorResources/S_KPrismatic.uasset" 153
"../../../Engine/Content/EditorResources/S_LevelSequence.uasset" 154
"../../../Engine/Content/EditorResources/S_NavP.uasset" 155
"../../../Engine/Content/EditorResources/S_Note.uasset" 156
"../../../Engine/Content/EditorResources/S_Player.uasset" 157
"../../../Engine/Content/EditorResources/S_PortalActorIcon2.uasset" 158
"../../../Engine/Content/EditorResources/S_RadForce.uasset" 159
"../../../Engine/Content/EditorResources/S_ReflActorIcon.uasset" 160
"../../../Engine/Content/EditorResources/S_SkyAtmosphere.uasset" 161
"../../../Engine/Content/EditorResources/S_Solver.uasset" 162
"../../../Engine/Content/EditorResources/S_Terrain.uasset" 163
"../../../Engine/Content/EditorResources/S_TextRenderActorIcon.uasset" 164
"../../../Engine/Content/EditorResources/S_Thruster.uasset" 165
"../../../Engine/Content/EditorResources/S_Trigger.uasset" 166
"../../../Engine/Content/EditorResources/S_VectorFieldVol.uasset" 167
"../../../Engine/Content/EditorResources/S_VolumetricCloud.uasset" 168
"../../../Engine/Content/EditorResources/S_WindDirectional.uasset" 169
"../../../Engine/Content/EditorResources/AI/S_NavLink.uasset" 170
"../../../Engine/Content/EditorResources/AudioIcons/S_AudioComponent_AutoActivate.uasset" 171
"../../../Engine/Content/EditorResources/LightIcons/SkyLight.uasset" 172
"../../../Engine/Content/EditorResources/LightIcons/S_LightDirectional.uasset" 173
"../../../Engine/Content/EditorResources/LightIcons/S_LightDirectionalMove.uasset" 174
"../../../Engine/Content/EditorResources/LightIcons/S_LightError.uasset" 175
"../../../Engine/Content/EditorResources/LightIcons/S_LightPoint.uasset" 176
"../../../Engine/Content/EditorResources/LightIcons/S_LightPointMove.uasset" 177
"../../../Engine/Content/EditorResources/LightIcons/S_LightSpot.uasset" 178
"../../../Engine/Content/EditorResources/LightIcons/S_LightSpotMove.uasset" 179
"../../../Engine/Content/EditorResources/SequenceRecorder/Countdown.uasset" 180
"../../../Engine/Content/EditorResources/SequenceRecorder/RecordingIndicator.uasset" 181
"../../../Engine/Content/EditorResources/Spline/T_Loft_Spline.uasset" 182
"../../../Engine/Content/EditorSounds/Notifications/CompileSuccess.uasset" 183
"../../../Engine/Content/EditorSounds/Notifications/CompileStart_Cue.uasset" 184
"../../../Engine/Content/EngineDamageTypes/DmgTypeBP_Environmental.uasset" 185
"../../../Engine/Content/EngineDebugMaterials/HeatmapGradient.uasset" 186
"../../../Engine/Content/EngineDebugMaterials/BoneWeightMaterial.uasset" 187
"../../../Engine/Content/EngineDebugMaterials/ClothMaterial.uasset" 188
"../../../Engine/Content/EngineDebugMaterials/ClothMaterial_WF.uasset" 189
"../../../Engine/Content/EngineDebugMaterials/DebugEditorMaterial.uasset" 190
"../../../Engine/Content/EngineDebugMaterials/DebugMeshMaterial.uasset" 191
"../../../Engine/Content/EngineDebugMaterials/GeomMaterial.uasset" 192
"../../../Engine/Content/Functions/Engine_MaterialFunctions01/Shading/ConvertFromDiffSpec.uasset" 193
"../../../Engine/Content/EngineDebugMaterials/LevelColorationLitMaterial.uasset" 194
"../../../Engine/Content/EngineDebugMaterials/LevelColorationUnlitMaterial.uasset" 195
"../../../Engine/Content/EngineMaterials/DefaultWhiteGrid.uasset" 196
"../../../Engine/Content/EngineDebugMaterials/MAT_LevelColorationLitLightmapUV.uasset" 197
"../../../Engine/Content/EngineDebugMaterials/M_SimpleUnlitTranslucent.uasset" 198
"../../../Engine/Content/EngineDebugMaterials/VolumeToRender.uasset" 199
"../../../Engine/Content/Functions/Engine_MaterialFunctions02/Utility/CameraDirectionVector.uasset" 200
"../../../Engine/Content/EngineDebugMaterials/M_VolumeRenderSphereTracePP.uasset" 201
"../../../Engine/Content/EngineMaterials/DefaultWhiteGrid_Low.uasset" 202
"../../../Engine/Content/EngineDebugMaterials/PhysicalMaterialMaskMaterial.uasset" 203
"../../../Engine/Content/EngineDebugMaterials/ShadedLevelColorationLitMaterial.uasset" 204
"../../../Engine/Content/EngineDebugMaterials/ShadedLevelColorationUnlitMateri.uasset" 205
"../../../Engine/Content/EngineDebugMaterials/VertexColorMaterial.uasset" 206
"../../../Engine/Content/EngineDebugMaterials/VertexColorViewMode_AlphaAsColor.uasset" 207
"../../../Engine/Content/EngineDebugMaterials/VertexColorViewMode_BlueOnly.uasset" 208
"../../../Engine/Content/EngineDebugMaterials/VertexColorViewMode_ColorOnly.uasset" 209
"../../../Engine/Content/EngineDebugMaterials/VertexColorViewMode_GreenOnly.uasset" 210
"../../../Engine/Content/EngineDebugMaterials/VertexColorViewMode_RedOnly.uasset" 211
"../../../Engine/Content/EngineDebugMaterials/WireframeMaterial.uasset" 212
"../../../Engine/Content/EngineFonts/Faces/RobotoRegular.uasset" 213
"../../../Engine/Content/EngineFonts/Faces/RobotoLight.uasset" 214
"../../../Engine/Content/EngineFonts/Faces/RobotoItalic.uasset" 215
"../../../Engine/Content/EngineFonts/Faces/RobotoBoldItalic.uasset" 216
"../../../Engine/Content/EngineFonts/Faces/RobotoBold.uasset" 217
"../../../Engine/Content/EngineFonts/Faces/DroidSansFallback.uasset" 218
"../../../Engine/Content/EngineFonts/Roboto.uasset" 219
"../../../Engine/Content/EngineFonts/Faces/RobotoTiny.uasset" 220
"../../../Engine/Content/EngineFonts/RobotoTiny.uasset" 221
"../../../Engine/Content/EngineFonts/SmallFont.uasset" 222
"../../../Engine/Content/EngineFonts/TinyFont.uasset" 223
"../../../Engine/Content/EngineMaterials/BaseFlattenNormalMap.uasset" 224
"../../../Engine/Content/EngineMaterials/BaseFlattenGrayscaleMap.uasset" 225
"../../../Engine/Content/EngineMaterials/BaseFlattenEmissiveMap.uasset" 226
"../../../Engine/Content/EngineMaterials/BaseFlattenDiffuseMap.uasset" 227
"../../../Engine/Content/EngineMaterials/BaseFlattenMaterial.uasset" 228
"../../../Engine/Content/EngineResources/WhiteSquareTexture.uasset" 229
"../../../Engine/Content/EngineMaterials/BlinkingCaret.uasset" 230
"../../../Engine/Content/EngineMaterials/BlueNoise.uasset" 231
"../../../Engine/Content/EngineMaterials/DefaultBloomKernel.uasset" 232
"../../../Engine/Content/EngineMaterials/DefaultBokeh.uasset" 233
"../../../Engine/Content/EngineMaterials/DefaultDeferredDecalMaterial.uasset" 234
"../../../Engine/Content/EngineMaterials/DefaultLightFunctionMaterial.uasset" 235
"../../../Engine/Content/EngineMaterials/DefaultNormal.uasset" 236
"../../../Engine/Content/EngineMaterials/DefaultPostProcessMaterial.uasset" 237
"../../../Engine/Content/EngineFonts/RobotoDistanceField.uasset" 238
"../../../Engine/Content/EngineMaterials/DefaultTextMaterialOpaque.uasset" 239
"../../../Engine/Content/EngineMaterials/EditorBrushMaterial.uasset" 240
"../../../Engine/Content/EngineMaterials/EmissiveMeshMaterial.uasset" 241
"../../../Engine/Content/EngineMaterials/GizmoMaterial.uasset" 242
"../../../Engine/Content/EngineMaterials/Grid_N.uasset" 243
"../../../Engine/Content/EngineMaterials/HighResolutionScreenshotMaskFunction.uasset" 244
"../../../Engine/Content/EngineMaterials/HighResScreenshot.uasset" 245
"../../../Engine/Content/EngineMaterials/HighResScreenshotCaptureRegion.uasset" 246
"../../../Engine/Content/EngineMaterials/HighResScreenshotMask.uasset" 247
"../../../Engine/Content/EngineMaterials/LandscapeHolePhysicalMaterial.uasset" 248
"../../../Engine/Content/EngineMaterials/InvalidLightmapSettings.uasset" 249
"../../../Engine/Content/EngineMaterials/M_InvalidLightmapSettings.uasset" 250
"../../../Engine/Content/EngineMaterials/PaperDiffuse.uasset" 251
"../../../Engine/Content/EngineMaterials/PaperNormal.uasset" 252
"../../../Engine/Content/Functions/Engine_MaterialFunctions02/WorldPositionOffset/CameraOffset.uasset" 253
"../../../Engine/Content/EngineMaterials/PhAT_JointLimitMaterial.uasset" 254
"../../../Engine/Content/EngineMaterials/PhysMat_Rubber.uasset" 255
"../../../Engine/Content/EngineMaterials/PreintegratedSkinBRDF.uasset" 256
"../../../Engine/Content/EngineMaterials/RemoveSurfaceMaterial.uasset" 257
"../../../Engine/Content/EngineMaterials/WeightMapPlaceholderTexture.uasset" 258
"../../../Engine/Content/Functions/Engine_MaterialFunctions01/ImageAdjustment/sRGBToLinear.uasset" 259
"../../../Engine/Content/Functions/Engine_MaterialFunctions02/Utility/BreakOutFloat3Components.uasset" 260
"../../../Engine/Content/EngineMaterials/Widget3DCameraPassThrough_Opaque_OneSided.uasset" 261
"../../../Engine/Content/EngineMaterials/Widget3DPassThrough.uasset" 262
"../../../Engine/Content/EngineMaterials/Widget3DPassThrough_Masked.uasset" 263
"../../../Engine/Content/EngineMaterials/Widget3DPassThrough_Opaque.uasset" 264
"../../../Engine/Content/EngineMaterials/Widget3DPassThrough_Masked_OneSided.uasset" 265
"../../../Engine/Content/EngineMaterials/Widget3DPassThrough_Opaque_OneSided.uasset" 266
"../../../Engine/Content/EngineMaterials/Widget3DPassThrough_Translucent.uasset" 267
"../../../Engine/Content/EngineMaterials/Widget3DPassThrough_Translucent_OneSided.uasset" 268
"../../../Engine/Content/EngineMeshes/Cylinder.uasset" 269
"../../../Engine/Content/EngineMeshes/Sphere.uasset" 270
"../../../Engine/Content/EngineResources/Black.uasset" 271
"../../../Engine/Content/EngineResources/DefaultTextureCube.uasset" 272
"../../../Engine/Content/EngineResources/DefaultVolumeTexture2D.uasset" 273
"../../../Engine/Content/EngineResources/DefaultVolumeTexture.uasset" 274
"../../../Engine/Content/EngineResources/GradientTexture0.uasset" 275
"../../../Engine/Content/EngineResources/StreamingPauseIcon.uasset" 276
"../../../Engine/Content/EngineResources/M_StreamingPause.uasset" 277
"../../../Engine/Content/EngineSky/VolumetricClouds/T_NoiseShape64.uasset" 278
"../../../Engine/Content/EngineSky/VolumetricClouds/T_VolumeNoiseShape64.uasset" 279
"../../../Engine/Content/EngineSky/VolumetricClouds/T_NoiseErosion.uasset" 280
"../../../Engine/Content/EngineSky/VolumetricClouds/T_VolumeNoiseErosion32.uasset" 281
"../../../Engine/Content/EngineSky/VolumetricClouds/CloudWeatherTexture.uasset" 282
"../../../Engine/Content/EngineSky/VolumetricClouds/CloudGradientTexture.uasset" 283
"../../../Engine/Content/EngineSky/VolumetricClouds/m_SimpleVolumetricCloud.uasset" 284
"../../../Engine/Content/EngineSky/VolumetricClouds/m_SimpleVolumetricCloud_Inst.uasset" 285
"../../../Engine/Content/EngineSounds/Master.uasset" 286
"../../../Engine/Content/Functions/Engine_MaterialFunctions01/Shading/PowerToRoughness.uasset" 287
"../../../Engine/Content/Maps/Templates/Thumbnails/Default.uasset" 288
"../../../Engine/Content/Maps/Templates/Thumbnails/TimeOfDay.uasset" 289
"../../../Engine/Content/Maps/Templates/Thumbnails/VR-Basic.uasset" 290
"../../../Engine/Content/MapTemplates/Sky/DaylightAmbientCubemap.uasset" 291
"../../../Engine/Content/MobileResources/T_MobileControls_texture.uasset" 292
"../../../Engine/Content/MobileResources/T_MobileMenu2.uasset" 293
"../../../Engine/Content/MobileResources/HUD/AnalogHat.uasset" 294
"../../../Engine/Content/MobileResources/HUD/VirtualJoystick_Thumb.uasset" 295
"../../../Engine/Content/MobileResources/HUD/VirtualJoystick_Background.uasset" 296
"../../../Engine/Content/MobileResources/HUD/DefaultVirtualJoysticks.uasset" 297
"../../../Engine/Content/MobileResources/HUD/LeftVirtualJoystickOnly.uasset" 298
"../../../Engine/Content/MobileResources/HUD/MobileHUDButton1_off.uasset" 299
"../../../Engine/Content/MobileResources/HUD/MobileHUDButton1_on.uasset" 300
"../../../Engine/Content/MobileResources/HUD/MobileHUDButton2_off.uasset" 301
"../../../Engine/Content/MobileResources/HUD/MobileHUDButton2_on.uasset" 302
"../../../Engine/Content/MobileResources/HUD/MobileHUDButton3.uasset" 303
"../../../Engine/Content/MobileResources/HUD/MobileHUDButtonFire.uasset" 304
"../../../Engine/Content/MobileResources/HUD/MobileHUDDirectionPad.uasset" 305
"../../../Engine/Content/MobileResources/HUD/MobileHUDDirectionPad2.uasset" 306
"../../../Engine/Content/MobileResources/HUD/MobileHUDDirectionPad3.uasset" 307
"../../../Engine/Content/MobileResources/HUD/MobileHUDDirectionStick.uasset" 308
"../../../Engine/Content/MobileResources/HUD/T_Castle_ThumbstickInner.uasset" 309
"../../../Engine/Content/MobileResources/HUD/T_Castle_ThumbstickOutter.uasset" 310
"../../../Engine/Content/Tutorial/ContentIntroCurve.uasset" 311
"../../../Engine/Content/Tutorial/Basics/LevelEditorAttract.uasset" 312
"../../../Engine/Content/Tutorial/Basics/TutorialAssets/icon_tab_Levels_40x.uasset" 313
"../../../Engine/Content/Tutorial/Basics/LevelEditorOverview.uasset" 314
"../../../Engine/Content/VREditor/TransformGizmo/TranslucentTransformGizmoMaterial.uasset" 315
"../../../Engine/Content/VREditor/LaserPointer/VR_LaserPower_01.uasset" 316
"../../../Engine/Content/VREditor/TransformGizmo/TransformGizmoMaterial.uasset" 317
"../../../Engine/Content/VREditor/TransformGizmo/BoundingBoxCorner.uasset" 318
"../../../Engine/Content/VREditor/TransformGizmo/BoundingBoxEdge.uasset" 319
"../../../Engine/Content/VREditor/TransformGizmo/PlaneTranslationHandle.uasset" 320
"../../../Engine/Content/VREditor/TransformGizmo/Xray.uasset" 321
"../../../Engine/Content/VREditor/TransformGizmo/Main.uasset" 322
"../../../Engine/Content/VREditor/TransformGizmo/SM_Sequencer_Key.uasset" 323
"../../../Engine/Content/VREditor/TransformGizmo/SM_Sequencer_Node.uasset" 324
"../../Plugins/2D/Paper2D/Content/PlaceholderTextures/DummySpriteTexture.uasset" 325
"../../Plugins/2D/Paper2D/Content/DummySprite.uasset" 326
"../../Plugins/2D/Paper2D/Content/DefaultPaperTerrainMaterial.uasset" 327
"../../Plugins/2D/Paper2D/Content/DefaultSpriteMaterial.uasset" 328
"../../Plugins/2D/Paper2D/Content/MaskedUnlitSpriteMaterial.uasset" 329
"../../Plugins/2D/Paper2D/Content/OpaqueUnlitSpriteMaterial.uasset" 330
"../../Plugins/FX/Niagara/Content/Enums/ENiagaraOrientationAxis.uasset" 331
"../../Plugins/FX/Niagara/Content/Icons/S_ParticleSystem.uasset" 332
"../../Plugins/Editor/SpeedTreeImporter/Content/SpeedTree9/UnpackInteger3.uasset" 333
"../../Plugins/Editor/SpeedTreeImporter/Content/SpeedTree9/UnpackDirection.uasset" 334
"../../Plugins/Editor/SpeedTreeImporter/Content/SpeedTree9/game_wind_noise.uasset" 335
"../../../Engine/Content/Functions/Engine_MaterialFunctions02/SafeNormalize.uasset" 336
"../../Plugins/Editor/SpeedTreeImporter/Content/SpeedTree9/SpeedTreeWindMotion.uasset" 337
"../../Plugins/Editor/SpeedTreeImporter/Content/SpeedTree9/SpeedTreeBranchMotion.uasset" 338
"../../../Engine/Content/Functions/Engine_MaterialFunctions02/ObjectLocalBounds.uasset" 339
"../../../Engine/Content/Functions/Engine_MaterialFunctions02/UVs/BoundingBoxBased_0-1_UVW.uasset" 340
"../../Plugins/Editor/SpeedTreeImporter/Content/SpeedTree9/SpeedTreeWind.uasset" 341
"../../Plugins/Editor/SpeedTreeImporter/Content/SpeedTree9/SpeedTreeBillboard.uasset" 342
"../../../Engine/Content/EngineResources/DefaultTexture.uasset" 343
"../../Plugins/Editor/SpeedTreeImporter/Content/SpeedTree9/SpeedTreeBillboardMaster.uasset" 344
"../../Plugins/Editor/SpeedTreeImporter/Content/SpeedTree9/SpeedTreeCameraFacing.uasset" 345
"../../Plugins/Editor/SpeedTreeImporter/Content/SpeedTree9/SpeedTreeMaster.uasset" 346
"../../../Engine/Content/BasicShapes/Cylinder.uasset" 347
"../../../Engine/Content/ArtTools/RenderToTexture/Materials/Debug/M_Emissive_Color.uasset" 348
"../../Plugins/Lumin/MagicLeapPassableWorld/Content/MagicLeapARPinInfoActor.uasset" 349
"../../../Engine/Content/Functions/Engine_MaterialFunctions02/Utility/BreakOutFloat4Components.uasset" 350
"../../Plugins/Runtime/Oculus/OculusVR/Content/Materials/OculusMR_ChromaKey.uasset" 351
"../../Plugins/Runtime/Oculus/OculusVR/Content/Materials/OculusMR_OpaqueColoredMaterial.uasset" 352
"../../Plugins/Runtime/Oculus/OculusVR/Content/Materials/PokeAHoleMaterial.uasset" 353
"../../Plugins/Runtime/Oculus/OculusVR/Content/Textures/touchController_controlmap.uasset" 354
"../../Plugins/Runtime/Oculus/OculusVR/Content/Textures/touchController_albedo.uasset" 355
"../../Plugins/Runtime/Oculus/OculusVR/Content/Materials/touchController_mat.uasset" 356
"../../Plugins/Runtime/Oculus/OculusVR/Content/Meshes/LeftTouchController.uasset" 357
"../../Plugins/Runtime/Oculus/OculusVR/Content/Textures/TouchForQuestRiftSController_albedo.uasset" 358
"../../Plugins/Runtime/Oculus/OculusVR/Content/Materials/TouchForQuestRiftSControllerMaterial.uasset" 359
"../../Plugins/Runtime/Oculus/OculusVR/Content/Meshes/LeftTouchForQuestRiftSController.uasset" 360
"../../Plugins/Runtime/Oculus/OculusVR/Content/Meshes/RiftHMD.uasset" 361
"../../Plugins/Runtime/Oculus/OculusVR/Content/Meshes/RightTouchController.uasset" 362
"../../Plugins/Runtime/Oculus/OculusVR/Content/Meshes/RightTouchForQuestRiftSController.uasset" 363
"../../../Engine/Content/Maps/Entry_BuiltData.uasset" 364
"../../../Engine/Content/Maps/Entry.umap" 365
"F:/School Things/CE 472 VR/Project/VR_Music_Visualizer/VR_Music_Visualizer/Content/StarterContent/Textures/T_TableRound_N.uasset" 366
"F:/School Things/CE 472 VR/Project/VR_Music_Visualizer/VR_Music_Visualizer/Content/StarterContent/Textures/T_TableRound_M.uasset" 367
"F:/School Things/CE 472 VR/Project/VR_Music_Visualizer/VR_Music_Visualizer/Content/StarterContent/Props/Materials/M_TableRound.uasset" 368
"F:/School Things/CE 472 VR/Project/VR_Music_Visualizer/VR_Music_Visualizer/Content/StarterContent/Props/SM_TableRound.uasset" 369
"F:/School Things/CE 472 VR/Project/VR_Music_Visualizer/VR_Music_Visualizer/Content/StarterContent/Textures/T_Statue_N.uasset" 370
"F:/School Things/CE 472 VR/Project/VR_Music_Visualizer/VR_Music_Visualizer/Content/StarterContent/Textures/T_Statue_M.uasset" 371
"F:/School Things/CE 472 VR/Project/VR_Music_Visualizer/VR_Music_Visualizer/Content/StarterContent/Props/Materials/M_Statue.uasset" 372
"F:/School Things/CE 472 VR/Project/VR_Music_Visualizer/VR_Music_Visualizer/Content/StarterContent/Props/Materials/M_StatueGlass.uasset" 373
"F:/School Things/CE 472 VR/Project/VR_Music_Visualizer/VR_Music_Visualizer/Content/StarterContent/Props/SM_Statue.uasset" 374
"F:/School Things/CE 472 VR/Project/VR_Music_Visualizer/VR_Music_Visualizer/Content/StarterContent/Textures/T_Chair_N.uasset" 375
"F:/School Things/CE 472 VR/Project/VR_Music_Visualizer/VR_Music_Visualizer/Content/StarterContent/Textures/T_Chair_M.uasset" 376
"F:/School Things/CE 472 VR/Project/VR_Music_Visualizer/VR_Music_Visualizer/Content/StarterContent/Props/Materials/M_Chair.uasset" 377
"F:/School Things/CE 472 VR/Project/VR_Music_Visualizer/VR_Music_Visualizer/Content/StarterContent/Props/SM_Chair.uasset" 378
"F:/School Things/CE 472 VR/Project/VR_Music_Visualizer/VR_Music_Visualizer/Content/StarterContent/Textures/T_Metal_Gold_N.uasset" 379
"F:/School Things/CE 472 VR/Project/VR_Music_Visualizer/VR_Music_Visualizer/Content/StarterContent/Textures/T_Metal_Aluminum_D.uasset" 380
"F:/School Things/CE 472 VR/Project/VR_Music_Visualizer/VR_Music_Visualizer/Content/StarterContent/Textures/T_MacroVariation.uasset" 381
"F:/School Things/CE 472 VR/Project/VR_Music_Visualizer/VR_Music_Visualizer/Content/StarterContent/Materials/M_Metal_Burnished_Steel.uasset" 382
"F:/School Things/CE 472 VR/Project/VR_Music_Visualizer/VR_Music_Visualizer/Content/StarterContent/Materials/M_Glass.uasset" 383
"F:/School Things/CE 472 VR/Project/VR_Music_Visualizer/VR_Music_Visualizer/Content/StarterContent/Maps/Minimal_Default_BuiltData.uasset" 384
"F:/School Things/CE 472 VR/Project/VR_Music_Visualizer/VR_Music_Visualizer/Content/VirtualRealityBP/Blueprints/MotionControllerHaptics.uasset" 385
"F:/School Things/CE 472 VR/Project/VR_Music_Visualizer/VR_Music_Visualizer/Content/VirtualRealityBP/Blueprints/PickupActorInterface.uasset" 386
"F:/School Things/CE 472 VR/Project/VR_Music_Visualizer/VR_Music_Visualizer/Content/VirtualReality/Meshes/SM_FatCylinder.uasset" 387
"F:/School Things/CE 472 VR/Project/VR_Music_Visualizer/VR_Music_Visualizer/Content/VirtualReality/Meshes/BeamMesh.uasset" 388
"F:/School Things/CE 472 VR/Project/VR_Music_Visualizer/VR_Music_Visualizer/Content/VirtualReality/Meshes/BeaconDirection.uasset" 389
"F:/School Things/CE 472 VR/Project/VR_Music_Visualizer/VR_Music_Visualizer/Content/VirtualReality/Meshes/1x1_cube.uasset" 390
"F:/School Things/CE 472 VR/Project/VR_Music_Visualizer/VR_Music_Visualizer/Content/VirtualReality/Materials/TeleportMCP.uasset" 391
"../../../Engine/Content/Functions/Engine_MaterialFunctions02/Utility/DepthFromWorldPosition.uasset" 392
"F:/School Things/CE 472 VR/Project/VR_Music_Visualizer/VR_Music_Visualizer/Content/VirtualReality/Materials/MF_OccludedPixels.uasset" 393
"../../../Engine/Content/EngineMaterials/Good64x64TilingNoiseHighFreq.uasset" 394
"F:/School Things/CE 472 VR/Project/VR_Music_Visualizer/VR_Music_Visualizer/Content/VirtualReality/Materials/M_SplineArcMat.uasset" 395
"F:/School Things/CE 472 VR/Project/VR_Music_Visualizer/VR_Music_Visualizer/Content/VirtualReality/Materials/M_ArcEndpoint.uasset" 396
"F:/School Things/CE 472 VR/Project/VR_Music_Visualizer/VR_Music_Visualizer/Content/VirtualReality/Materials/M_TeleportPreviews.uasset" 397
"F:/School Things/CE 472 VR/Project/VR_Music_Visualizer/VR_Music_Visualizer/Content/VirtualReality/Materials/MI_TeleportCylinderPreview.uasset" 398
"F:/School Things/CE 472 VR/Project/VR_Music_Visualizer/VR_Music_Visualizer/Content/VirtualReality/Materials/MI_ChaperoneOutline.uasset" 399
"F:/School Things/CE 472 VR/Project/VR_Music_Visualizer/VR_Music_Visualizer/Content/VirtualReality/Mannequin/Character/Mesh/MannequinHand_Right_PhysicsAsset.uasset" 400
"F:/School Things/CE 472 VR/Project/VR_Music_Visualizer/VR_Music_Visualizer/Content/VirtualReality/Mannequin/Character/Textures/UE4_Mannequin_MAT_MASKA.uasset" 401
"F:/School Things/CE 472 VR/Project/VR_Music_Visualizer/VR_Music_Visualizer/Content/VirtualReality/Mannequin/Character/Textures/UE4_Mannequin__normals.uasset" 402
"F:/School Things/CE 472 VR/Project/VR_Music_Visualizer/VR_Music_Visualizer/Content/VirtualReality/Mannequin/Character/Materials/M_HandMat.uasset" 403
"F:/School Things/CE 472 VR/Project/VR_Music_Visualizer/VR_Music_Visualizer/Content/VirtualReality/Mannequin/Character/Mesh/MannequinHand_Right_Skeleton.uasset" 404
"F:/School Things/CE 472 VR/Project/VR_Music_Visualizer/VR_Music_Visualizer/Content/VirtualReality/Mannequin/Character/Mesh/MannequinHand_Right.uasset" 405
"F:/School Things/CE 472 VR/Project/VR_Music_Visualizer/VR_Music_Visualizer/Content/VirtualRealityBP/Blueprints/GripEnum.uasset" 406
"F:/School Things/CE 472 VR/Project/VR_Music_Visualizer/VR_Music_Visualizer/Content/VirtualReality/Mannequin/Animations/MannequinHand_Right_Open.uasset" 407
"F:/School Things/CE 472 VR/Project/VR_Music_Visualizer/VR_Music_Visualizer/Content/VirtualReality/Mannequin/Animations/MannequinHand_Right_Grab.uasset" 408
"F:/School Things/CE 472 VR/Project/VR_Music_Visualizer/VR_Music_Visualizer/Content/VirtualReality/Mannequin/Animations/MannequinHand_Right_CanGrab.uasset" 409
"F:/School Things/CE 472 VR/Project/VR_Music_Visualizer/VR_Music_Visualizer/Content/VirtualReality/Mannequin/Animations/RightGrip_BS.uasset" 410
"F:/School Things/CE 472 VR/Project/VR_Music_Visualizer/VR_Music_Visualizer/Content/VirtualReality/Mannequin/Animations/RightHand_AnimBP.uasset" 411
"../../../Engine/Content/BasicShapes/Sphere.uasset" 412
"../../../Engine/Content/EditorBlueprintResources/StandardMacros.uasset" 413
"F:/School Things/CE 472 VR/Project/VR_Music_Visualizer/VR_Music_Visualizer/Content/VirtualRealityBP/Blueprints/BP_MotionController.uasset" 414
"F:/School Things/CE 472 VR/Project/VR_Music_Visualizer/VR_Music_Visualizer/Content/VirtualRealityBP/Blueprints/VR_PlayerCharacter.uasset" 415
"F:/School Things/CE 472 VR/Project/VR_Music_Visualizer/VR_Music_Visualizer/Content/VirtualRealityBP/Blueprints/VR_Game_Mode.uasset" 416
"F:/School Things/CE 472 VR/Project/VR_Music_Visualizer/VR_Music_Visualizer/Content/StarterContent/Materials/M_Basic_Floor.uasset" 417
"F:/School Things/CE 472 VR/Project/VR_Music_Visualizer/VR_Music_Visualizer/Content/StarterContent/Architecture/Floor_400x400.uasset" 418
"../../Plugins/FX/Niagara/Content/VectorFields/Assets/TilingCurl32.uasset" 419
"../../Plugins/FX/Niagara/Content/Enums/ENiagaraSystemInactiveMode.uasset" 420
"../../Plugins/FX/Niagara/Content/Enums/ENiagaraSphereDistributionMode.uasset" 421
"../../Plugins/FX/Niagara/Content/Enums/ENiagaraRandomnessMode.uasset" 422
"../../Plugins/FX/Niagara/Content/Enums/ENiagaraRandomnessEvaluation.uasset" 423
"../../Plugins/FX/Niagara/Content/Enums/ENiagaraInactiveMode.uasset" 424
"../../Plugins/FX/Niagara/Content/Enums/ENiagaraExpansionMode.uasset" 425
"../../Plugins/FX/Niagara/Content/Enums/ENiagaraEmitterScalabilityMode_Limited.uasset" 426
"../../Plugins/FX/Niagara/Content/Enums/ENiagaraEmitterLifeCycleMode.uasset" 427
"../../Plugins/FX/Niagara/Content/Enums/ENiagaraCurlNoiseQuality.uasset" 428
"../../Plugins/FX/Niagara/Content/Enums/ENiagaraCoordinateSpace.uasset" 429
"../../Plugins/FX/Niagara/Content/Enums/ENiagaraChannelCorrelation.uasset" 430
"../../Plugins/FX/Niagara/Content/Enums/ENiagara_UVFlippingMode.uasset" 431
"../../Plugins/FX/Niagara/Content/Enums/ENiagara_SpriteRotationMode.uasset" 432
"../../Plugins/FX/Niagara/Content/Enums/ENiagara_SizeScaleMode.uasset" 433
"../../Plugins/FX/Niagara/Content/Enums/ENiagara_PositionInitializationMode.uasset" 434
"../../Plugins/FX/Niagara/Content/Enums/ENiagara_MassInitializationMode.uasset" 435
"../../Plugins/FX/Niagara/Content/Enums/ENiagara_LifetimeMode.uasset" 436
"../../Plugins/FX/Niagara/Content/Enums/ENiagara_EmitterStateOptions.uasset" 437
"../../Plugins/FX/Niagara/Content/Enums/ENiagara_ColorInitializationMode.uasset" 438
"../../Plugins/FX/Niagara/Content/Modules/Update/Size/ScaleMeshSize.uasset" 439
"../../Plugins/FX/Niagara/Content/Modules/Update/Lifetime/ParticleState.uasset" 440
"../../Plugins/FX/Niagara/Content/Functions/DirectionAndLengthSafe.uasset" 441
"../../Plugins/FX/Niagara/Content/Functions/NormalizeDistanceRange.uasset" 442
"../../Plugins/FX/Niagara/Content/Functions/Localspace/SimulationPosition.uasset" 443
"../../Plugins/FX/Niagara/Content/Modules/Update/Forces/VortexForce.uasset" 444
"../../Plugins/FX/Niagara/Content/VectorFields/Assets/TilingCurl64.uasset" 445
"../../Plugins/FX/Niagara/Content/VectorFields/Assets/TilingCurl16.uasset" 446
"../../Plugins/FX/Niagara/Content/Functions/V2/RemapRange.uasset" 447
"../../Plugins/FX/Niagara/Content/Functions/FindAngleBetweenVectors.uasset" 448
"../../Plugins/FX/Niagara/Content/Functions/V2/ConeMask.uasset" 449
"../../Plugins/FX/Niagara/Content/Modules/Update/Forces/V2/CurlNoiseForce.uasset" 450
"../../Plugins/FX/Niagara/Content/Modules/Update/Forces/Drag.uasset" 451
"../../Plugins/FX/Niagara/Content/Modules/Update/Color/Color.uasset" 452
"../../Plugins/FX/Niagara/Content/Functions/System/SystemChangeState.uasset" 453
"../../Plugins/FX/Niagara/Content/Modules/System/SystemState.uasset" 454
"../../Plugins/FX/Niagara/Content/Functions/SphericalToCartesianCoordinates.uasset" 455
"../../Plugins/FX/Niagara/Content/Functions/V2/CalculateRandomRange.uasset" 456
"../../Plugins/FX/Niagara/Content/Functions/V2/CalculateRandomPointInSphere.uasset" 457
"../../Plugins/FX/Niagara/Content/Functions/Rotation/MultiplyVectorWithQuaternion.uasset" 458
"../../Plugins/FX/Niagara/Content/Functions/Rotation/FindQuatBetween.uasset" 459
"../../Plugins/FX/Niagara/Content/Functions/Localspace/TransformBase.uasset" 460
"../../Plugins/FX/Niagara/Content/Functions/Localspace/TransformVector.uasset" 461
"../../Plugins/FX/Niagara/Content/Modules/Spawn/Location/V2/SphereLocation.uasset" 462
"../../Plugins/FX/Niagara/Content/Functions/GetRandomInfo.uasset" 463
"../../Plugins/FX/Niagara/Content/Functions/RandomRangeFloat.uasset" 464
"../../Plugins/FX/Niagara/Content/Functions/RandomPointInBox.uasset" 465
"../../Plugins/FX/Niagara/Content/Functions/IsolateLongestVectorComponent.uasset" 466
"../../Plugins/FX/Niagara/Content/Functions/Rotation/RotateAngleOnAxis.uasset" 467
"../../Plugins/FX/Niagara/Content/Modules/Spawn/Location/BoxLocation.uasset" 468
"../../Plugins/FX/Niagara/Content/Functions/V2/CalculateRandomRangeFloat.uasset" 469
"../../Plugins/FX/Niagara/Content/Functions/LinearColor/HueShiftLinearColor.uasset" 470
"../../Plugins/FX/Niagara/Content/Functions/V2/CalculateRandomRangeInteger.uasset" 471
"../../Plugins/FX/Niagara/Content/Functions/V2/CalculateRandomBool.uasset" 472
"../../Plugins/FX/Niagara/Content/Modules/Spawn/Initialization/V2/InitializeParticle.uasset" 473
"../../Plugins/FX/Niagara/Content/Modules/Solvers/SolveForcesAndVelocity.uasset" 474
"../../Plugins/FX/Niagara/Content/Modules/Emitter/SpawnRate.uasset" 475
"../../Plugins/FX/Niagara/Content/Functions/Emitter/EmitterChangeState.uasset" 476
"../../Plugins/FX/Niagara/Content/Enums/ENiagaraExecutionStateManagement.uasset" 477
"../../Plugins/FX/Niagara/Content/Enums/ENiagara_InfiniteLoopDuration.uasset" 478
"../../Plugins/FX/Niagara/Content/Modules/Emitter/EmitterState.uasset" 479
"../../Plugins/FX/Niagara/Content/DynamicInputs/ValueFromCurve/VectorFromCurve.uasset" 480
"../../Plugins/FX/Niagara/Content/DynamicInputs/ValueFromCurve/ColorFromCurve.uasset" 481
"F:/School Things/CE 472 VR/Project/VR_Music_Visualizer/VR_Music_Visualizer/Content/Materials/M_NiagraSystem.uasset" 482
"F:/School Things/CE 472 VR/Project/VR_Music_Visualizer/VR_Music_Visualizer/Content/Blueprints/NMS_Visualizer.uasset" 483
"F:/School Things/CE 472 VR/Project/VR_Music_Visualizer/VR_Music_Visualizer/Content/StarterContent/Materials/M_Basic_Wall.uasset" 484
"F:/School Things/CE 472 VR/Project/VR_Music_Visualizer/VR_Music_Visualizer/Content/StarterContent/Shapes/Shape_Cube.uasset" 485
"../../../Engine/Content/EngineSounds/Submixes/MasterReverbEffectPreset.uasset" 486
"../../../Engine/Content/EngineSounds/Submixes/MasterReverbSubmixDefault.uasset" 487
"../../../Engine/Content/EngineSounds/Submixes/MasterEQEffectPreset.uasset" 488
"../../../Engine/Content/EngineSounds/Submixes/MasterEQSubmixDefault.uasset" 489
"../../../Engine/Content/EngineSounds/Submixes/MasterSubmixDefault.uasset" 490
"F:/School Things/CE 472 VR/Project/VR_Music_Visualizer/VR_Music_Visualizer/Content/Blueprints/NS_Visualizer.uasset" 491
"F:/School Things/CE 472 VR/Project/VR_Music_Visualizer/VR_Music_Visualizer/Content/Music/Monolith.uasset" 492
"F:/School Things/CE 472 VR/Project/VR_Music_Visualizer/VR_Music_Visualizer/Content/Music/jazz_piano_medley_81.uasset" 493
"../../../Engine/Content/Functions/Engine_MaterialFunctions02/WorldPositionOffset/ObjectScale.uasset" 494
"F:/School Things/CE 472 VR/Project/VR_Music_Visualizer/VR_Music_Visualizer/Content/Materials/M_EmissiveBase.uasset" 495
"F:/School Things/CE 472 VR/Project/VR_Music_Visualizer/VR_Music_Visualizer/Content/Materials/MI_Emissive.uasset" 496
"F:/School Things/CE 472 VR/Project/VR_Music_Visualizer/VR_Music_Visualizer/Content/Blueprints/BP_Cube.uasset" 497
"F:/School Things/CE 472 VR/Project/VR_Music_Visualizer/VR_Music_Visualizer/Content/Blueprints/AudioVisualizer.uasset" 498
"../../../Engine/Content/EngineSky/T_Sky_Stars.uasset" 499
"../../../Engine/Content/EngineSky/T_Sky_Clouds_M.uasset" 500
"../../../Engine/Content/EngineSky/T_Sky_Blue.uasset" 501
"../../../Engine/Content/EngineSky/M_Sky_Panning_Clouds2.uasset" 502
"../../../Engine/Content/EngineSky/SM_SkySphere.uasset" 503
"../../../Engine/Content/EngineSky/C_Sky_Zenith_Color.uasset" 504
"../../../Engine/Content/EngineSky/C_Sky_Horizon_Color.uasset" 505
"../../../Engine/Content/EngineSky/C_Sky_Cloud_Color.uasset" 506
"../../../Engine/Content/EngineSky/BP_Sky_Sphere.uasset" 507
"F:/School Things/CE 472 VR/Project/VR_Music_Visualizer/VR_Music_Visualizer/Content/StarterContent/Maps/Minimal_Default.umap" 508
